<?xml version="1.0" encoding="UTF-8"?>
<!-- Generated by org.testng.reporters.JUnitReportReporter -->
<testsuite skipped="0" hostname="CDC2-D-CG6QXJ2" name="testcases.newtest" tests="2" failures="0" timestamp="25 Sep 2019 05:33:39 GMT" time="0.020" errors="0">
  <testcase name="testcase1" time="0.018" classname="testcases.newtest"/>
  <testcase name="testcase2" time="0.002" classname="testcases.newtest"/>
</testsuite> <!-- testcases.newtest -->
