<?xml version="1.0" encoding="UTF-8"?>
<!-- Generated by org.testng.reporters.JUnitReportReporter -->
<testsuite skipped="0" hostname="CDC2-D-CG6QXJ2" name="testcases.newtest1" tests="1" failures="0" timestamp="25 Sep 2019 05:33:39 GMT" time="0.001" errors="0">
  <testcase name="testcase3" time="0.001" classname="testcases.newtest1"/>
</testsuite> <!-- testcases.newtest1 -->
